kotlin version: 2.3.20
error message: org.jetbrains.kotlin.fir.pipeline.IrGenerationExtensionException: Back-end: Please report this problem https://kotl.in/issue
C:/Users/mraja/IdeaProjects/VaultChat/messaging/src/main/java/dev/jason/app/compose/vaultchat/messaging/ui/nav/Route.kt:24:5
Problem with `@Serializable
@StabilityInferred(parameters = 0)
data class Messaging : Route {
  constructor(uid: String, displayName: String, profilePictureUrl: String, devices: List<Device>, status: Status) /* primary */ {
    super/*Any*/()
    /* <init>() */

  }

  val uid: String
    field = uid
    get

  val displayName: String
    field = displayName
    get

  val profilePictureUrl: String
    field = profilePictureUrl
    get

  @Contextual
  val devices: List<Device>
    field = devices
    get

  val status: Status
    field = status
    get

  companion object Companion {
    val $childSerializers: Array<Lazy<KSerializer<Any>>>
      field = arrayOf<Lazy<KSerializer<Any>>>(elements = [null, null, null, null, lazy<KSerializer<Status>>(mode = LazyThreadSafetyMode.PUBLICATION, initializer = local fun <anonymous>(): KSerializer<Status> {
        return createSimpleEnumSerializer<Status>(serialName = "dev.jason.app.compose.vaultchat.core.domain.User.Status", values = values())
      }
)])
      private get(): Array<Lazy<KSerializer<Any>>> {
        return <this>.#$childSerializers
      }

    private constructor() /* primary */ {
      super/*Any*/()
      /* <init>() */

    }

    fun serializer(): KSerializer<Messaging>

    /* fake */ override operator fun equals(other: Any?): Boolean

    /* fake */ override fun hashCode(): Int

    /* fake */ override fun toString(): String

  }

  @Deprecated(message = "This synthesized declaration should not be used directly", level = DeprecationLevel.HIDDEN)
  @StabilityInferred(parameters = 0)
  object $serializer : GeneratedSerializer<Messaging> {
    private constructor() /* primary */ {
      super/*Any*/()
      /* <init>() */

    }

    override fun serialize(encoder: Encoder, value: Messaging)

    override fun deserialize(decoder: Decoder): Messaging

    override val descriptor: SerialDescriptor
      override get

    override fun childSerializers(): Array<KSerializer<*>>

    /* fake */ override fun typeParametersSerializers(): Array<KSerializer<*>>

    /* fake */ override operator fun equals(other: Any?): Boolean

    /* fake */ override fun hashCode(): Int

    /* fake */ override fun toString(): String

    /* static final field */ val $stable: Int = 8
  }

  operator fun component1(): String {
    return <this>.#uid
  }

  operator fun component2(): String {
    return <this>.#displayName
  }

  operator fun component3(): String {
    return <this>.#profilePictureUrl
  }

  operator fun component4(): List<Device> {
    return <this>.#devices
  }

  operator fun component5(): Status {
    return <this>.#status
  }

  fun copy(uid: String = <this>.#uid, displayName: String = <this>.#displayName, profilePictureUrl: String = <this>.#profilePictureUrl, devices: List<Device> = <this>.#devices, status: Status = <this>.#status): Messaging {
    return Messaging(uid = uid, displayName = displayName, profilePictureUrl = profilePictureUrl, devices = devices, status = status)
  }

  override fun toString(): String {
    return "Messaging(" + "uid=" + <this>.#uid + ", " + "displayName=" + <this>.#displayName + ", " + "profilePictureUrl=" + <this>.#profilePictureUrl + ", " + "devices=" + <this>.#devices + ", " + "status=" + <this>.#status + ")"
  }

  override fun hashCode(): Int {
    var result: Int = <this>.#uid.hashCode()
    result = result.times(other = 31).plus(other = <this>.#displayName.hashCode())
    result = result.times(other = 31).plus(other = <this>.#profilePictureUrl.hashCode())
    result = result.times(other = 31).plus(other = <this>.#devices.hashCode())
    result = result.times(other = 31).plus(other = <this>.#status.hashCode())
    return result
  }

  override operator fun equals(other: Any?): Boolean {
    when {
      EQEQEQ(arg0 = <this>, arg1 = other) -> return true
    }
    when {
      other !is Messaging -> return false
    }
    val tmp0_other_with_cast: Messaging = other /*as Messaging */
    when {
      EQEQ(arg0 = <this>.#uid, arg1 = tmp0_other_with_cast.#uid).not() -> return false
    }
    when {
      EQEQ(arg0 = <this>.#displayName, arg1 = tmp0_other_with_cast.#displayName).not() -> return false
    }
    when {
      EQEQ(arg0 = <this>.#profilePictureUrl, arg1 = tmp0_other_with_cast.#profilePictureUrl).not() -> return false
    }
    when {
      EQEQ(arg0 = <this>.#devices, arg1 = tmp0_other_with_cast.#devices).not() -> return false
    }
    when {
      EQEQ(arg0 = <this>.#status, arg1 = tmp0_other_with_cast.#status).not() -> return false
    }
    return true
  }

  /* static final field */ val $stable: Int = 8
  @JvmStatic
  internal /* static */ fun write$Self(self: Messaging, output: CompositeEncoder, serialDesc: SerialDescriptor)

  internal constructor(seen0: Int, uid: String?, displayName: String?, profilePictureUrl: String?, devices: List<Device>?, status: Status?, serializationConstructorMarker: SerializationConstructorMarker?) {
    when {
      EQEQ(arg0 = 31, arg1 = 31.and(other = seen0)).not() -> throwMissingFieldException(seen = seen0, goldenMask = 31, descriptor = $serializer.<get-descriptor>())
    }
    super/*Any*/()
    <this>.#uid = uid
    <this>.#displayName = displayName
    <this>.#profilePictureUrl = profilePictureUrl
    <this>.#devices = devices
    <this>.#status = status
  }

}

`
Details: kotlinx.serialization compiler plugin internal error: unable to transform declaration, see cause
	at org.jetbrains.kotlin.fir.pipeline.Fir2IrPipeline.applyIrGenerationExtensions(convertToIr.kt:584)
	at org.jetbrains.kotlin.fir.pipeline.Fir2IrPipeline.runActualizationPipeline(convertToIr.kt:283)
	at org.jetbrains.kotlin.fir.pipeline.Fir2IrPipeline.convertToIrAndActualize(convertToIr.kt:154)
	at org.jetbrains.kotlin.fir.pipeline.ConvertToIrKt.convertToIrAndActualize-MT2kVtw(convertToIr.kt:119)
	at org.jetbrains.kotlin.fir.pipeline.ConvertToIrKt.convertToIrAndActualize-MT2kVtw$default(convertToIr.kt:92)
	at org.jetbrains.kotlin.cli.jvm.compiler.legacy.pipeline.JvmCompilerPipelineKt.convertToIrAndActualizeForJvm-_I1IR-w(jvmCompilerPipeline.kt:98)
	at org.jetbrains.kotlin.cli.pipeline.jvm.JvmFir2IrPipelinePhase.executePhase(JvmFir2IrPipelinePhase.kt:30)
	at org.jetbrains.kotlin.cli.pipeline.jvm.JvmFir2IrPipelinePhase.executePhase(JvmFir2IrPipelinePhase.kt:25)
	at org.jetbrains.kotlin.cli.pipeline.jvm.JvmFir2IrPipelinePhase.executePhase(JvmFir2IrPipelinePhase.kt:19)
	at org.jetbrains.kotlin.cli.pipeline.PipelinePhase.phaseBody(PipelinePhase.kt:68)
	at org.jetbrains.kotlin.cli.pipeline.PipelinePhase.phaseBody(PipelinePhase.kt:58)
	at org.jetbrains.kotlin.config.phaser.NamedCompilerPhase.invoke(CompilerPhase.kt:102)
	at org.jetbrains.kotlin.backend.common.phaser.CompositePhase.invoke(PhaseBuilders.kt:22)
	at org.jetbrains.kotlin.config.phaser.CompilerPhaseKt.invokeToplevel(CompilerPhase.kt:53)
	at org.jetbrains.kotlin.cli.pipeline.AbstractCliPipeline.runPhasedPipeline(AbstractCliPipeline.kt:109)
	at org.jetbrains.kotlin.cli.pipeline.AbstractCliPipeline.execute(AbstractCliPipeline.kt:68)
	at org.jetbrains.kotlin.cli.jvm.K2JVMCompiler.doExecutePhased(K2JVMCompiler.kt:51)
	at org.jetbrains.kotlin.cli.jvm.K2JVMCompiler.doExecutePhased(K2JVMCompiler.kt:42)
	at org.jetbrains.kotlin.cli.common.CLICompiler.execImpl(CLICompiler.kt:91)
	at org.jetbrains.kotlin.cli.common.CLICompiler.exec(CLICompiler.kt:363)
	at org.jetbrains.kotlin.incremental.IncrementalJvmCompilerRunnerBase.runCompiler(IncrementalJvmCompilerRunnerBase.kt:210)
	at org.jetbrains.kotlin.incremental.IncrementalJvmCompilerRunnerBase.runCompiler(IncrementalJvmCompilerRunnerBase.kt:52)
	at org.jetbrains.kotlin.incremental.IncrementalCompilerRunner.doCompile(IncrementalCompilerRunner.kt:510)
	at org.jetbrains.kotlin.incremental.IncrementalCompilerRunner.compileImpl(IncrementalCompilerRunner.kt:422)
	at org.jetbrains.kotlin.incremental.IncrementalCompilerRunner.compileNonIncrementally(IncrementalCompilerRunner.kt:304)
	at org.jetbrains.kotlin.incremental.IncrementalCompilerRunner.compile(IncrementalCompilerRunner.kt:131)
	at org.jetbrains.kotlin.daemon.CompileServiceImplBase.execIncrementalCompiler(CompileServiceImpl.kt:764)
	at org.jetbrains.kotlin.daemon.CompileServiceImplBase.access$execIncrementalCompiler(CompileServiceImpl.kt:107)
	at org.jetbrains.kotlin.daemon.CompileServiceImpl.compile(CompileServiceImpl.kt:2026)
	at java.base/jdk.internal.reflect.DirectMethodHandleAccessor.invoke(Unknown Source)
	at java.base/java.lang.reflect.Method.invoke(Unknown Source)
	at java.rmi/sun.rmi.server.UnicastServerRef.dispatch(Unknown Source)
	at java.rmi/sun.rmi.transport.Transport$1.run(Unknown Source)
	at java.rmi/sun.rmi.transport.Transport$1.run(Unknown Source)
	at java.base/java.security.AccessController.doPrivileged(Unknown Source)
	at java.rmi/sun.rmi.transport.Transport.serviceCall(Unknown Source)
	at java.rmi/sun.rmi.transport.tcp.TCPTransport.handleMessages(Unknown Source)
	at java.rmi/sun.rmi.transport.tcp.TCPTransport$ConnectionHandler.run0(Unknown Source)
	at java.rmi/sun.rmi.transport.tcp.TCPTransport$ConnectionHandler.lambda$run$0(Unknown Source)
	at java.base/java.security.AccessController.doPrivileged(Unknown Source)
	at java.rmi/sun.rmi.transport.tcp.TCPTransport$ConnectionHandler.run(Unknown Source)
	at java.base/java.util.concurrent.ThreadPoolExecutor.runWorker(Unknown Source)
	at java.base/java.util.concurrent.ThreadPoolExecutor$Worker.run(Unknown Source)
	at java.base/java.lang.Thread.run(Unknown Source)
Caused by: org.jetbrains.kotlin.backend.common.CompilationException: Back-end: Please report this problem https://kotl.in/issue
C:/Users/mraja/IdeaProjects/VaultChat/messaging/src/main/java/dev/jason/app/compose/vaultchat/messaging/ui/nav/Route.kt:24:5
Problem with `@Serializable
@StabilityInferred(parameters = 0)
data class Messaging : Route {
  constructor(uid: String, displayName: String, profilePictureUrl: String, devices: List<Device>, status: Status) /* primary */ {
    super/*Any*/()
    /* <init>() */

  }

  val uid: String
    field = uid
    get

  val displayName: String
    field = displayName
    get

  val profilePictureUrl: String
    field = profilePictureUrl
    get

  @Contextual
  val devices: List<Device>
    field = devices
    get

  val status: Status
    field = status
    get

  companion object Companion {
    val $childSerializers: Array<Lazy<KSerializer<Any>>>
      field = arrayOf<Lazy<KSerializer<Any>>>(elements = [null, null, null, null, lazy<KSerializer<Status>>(mode = LazyThreadSafetyMode.PUBLICATION, initializer = local fun <anonymous>(): KSerializer<Status> {
        return createSimpleEnumSerializer<Status>(serialName = "dev.jason.app.compose.vaultchat.core.domain.User.Status", values = values())
      }
)])
      private get(): Array<Lazy<KSerializer<Any>>> {
        return <this>.#$childSerializers
      }

    private constructor() /* primary */ {
      super/*Any*/()
      /* <init>() */

    }

    fun serializer(): KSerializer<Messaging>

    /* fake */ override operator fun equals(other: Any?): Boolean

    /* fake */ override fun hashCode(): Int

    /* fake */ override fun toString(): String

  }

  @Deprecated(message = "This synthesized declaration should not be used directly", level = DeprecationLevel.HIDDEN)
  @StabilityInferred(parameters = 0)
  object $serializer : GeneratedSerializer<Messaging> {
    private constructor() /* primary */ {
      super/*Any*/()
      /* <init>() */

    }

    override fun serialize(encoder: Encoder, value: Messaging)

    override fun deserialize(decoder: Decoder): Messaging

    override val descriptor: SerialDescriptor
      override get

    override fun childSerializers(): Array<KSerializer<*>>

    /* fake */ override fun typeParametersSerializers(): Array<KSerializer<*>>

    /* fake */ override operator fun equals(other: Any?): Boolean

    /* fake */ override fun hashCode(): Int

    /* fake */ override fun toString(): String

    /* static final field */ val $stable: Int = 8
  }

  operator fun component1(): String {
    return <this>.#uid
  }

  operator fun component2(): String {
    return <this>.#displayName
  }

  operator fun component3(): String {
    return <this>.#profilePictureUrl
  }

  operator fun component4(): List<Device> {
    return <this>.#devices
  }

  operator fun component5(): Status {
    return <this>.#status
  }

  fun copy(uid: String = <this>.#uid, displayName: String = <this>.#displayName, profilePictureUrl: String = <this>.#profilePictureUrl, devices: List<Device> = <this>.#devices, status: Status = <this>.#status): Messaging {
    return Messaging(uid = uid, displayName = displayName, profilePictureUrl = profilePictureUrl, devices = devices, status = status)
  }

  override fun toString(): String {
    return "Messaging(" + "uid=" + <this>.#uid + ", " + "displayName=" + <this>.#displayName + ", " + "profilePictureUrl=" + <this>.#profilePictureUrl + ", " + "devices=" + <this>.#devices + ", " + "status=" + <this>.#status + ")"
  }

  override fun hashCode(): Int {
    var result: Int = <this>.#uid.hashCode()
    result = result.times(other = 31).plus(other = <this>.#displayName.hashCode())
    result = result.times(other = 31).plus(other = <this>.#profilePictureUrl.hashCode())
    result = result.times(other = 31).plus(other = <this>.#devices.hashCode())
    result = result.times(other = 31).plus(other = <this>.#status.hashCode())
    return result
  }

  override operator fun equals(other: Any?): Boolean {
    when {
      EQEQEQ(arg0 = <this>, arg1 = other) -> return true
    }
    when {
      other !is Messaging -> return false
    }
    val tmp0_other_with_cast: Messaging = other /*as Messaging */
    when {
      EQEQ(arg0 = <this>.#uid, arg1 = tmp0_other_with_cast.#uid).not() -> return false
    }
    when {
      EQEQ(arg0 = <this>.#displayName, arg1 = tmp0_other_with_cast.#displayName).not() -> return false
    }
    when {
      EQEQ(arg0 = <this>.#profilePictureUrl, arg1 = tmp0_other_with_cast.#profilePictureUrl).not() -> return false
    }
    when {
      EQEQ(arg0 = <this>.#devices, arg1 = tmp0_other_with_cast.#devices).not() -> return false
    }
    when {
      EQEQ(arg0 = <this>.#status, arg1 = tmp0_other_with_cast.#status).not() -> return false
    }
    return true
  }

  /* static final field */ val $stable: Int = 8
  @JvmStatic
  internal /* static */ fun write$Self(self: Messaging, output: CompositeEncoder, serialDesc: SerialDescriptor)

  internal constructor(seen0: Int, uid: String?, displayName: String?, profilePictureUrl: String?, devices: List<Device>?, status: Status?, serializationConstructorMarker: SerializationConstructorMarker?) {
    when {
      EQEQ(arg0 = 31, arg1 = 31.and(other = seen0)).not() -> throwMissingFieldException(seen = seen0, goldenMask = 31, descriptor = $serializer.<get-descriptor>())
    }
    super/*Any*/()
    <this>.#uid = uid
    <this>.#displayName = displayName
    <this>.#profilePictureUrl = profilePictureUrl
    <this>.#devices = devices
    <this>.#status = status
  }

}

`
Details: kotlinx.serialization compiler plugin internal error: unable to transform declaration, see cause
	at org.jetbrains.kotlinx.serialization.compiler.extensions.SerializerClassLowering.lower(SerializationLoweringExtension.kt:243)
	at org.jetbrains.kotlinx.serialization.compiler.extensions.SerializationLoweringExtensionKt$runOnFileInOrder$1.visitClass(SerializationLoweringExtension.kt:52)
	at org.jetbrains.kotlin.ir.visitors.IrVisitorVoid.visitClass(IrVisitorVoid.kt:44)
	at org.jetbrains.kotlin.ir.visitors.IrVisitorVoid.visitClass(IrVisitorVoid.kt:18)
	at org.jetbrains.kotlin.ir.declarations.IrClass.accept(IrClass.kt:72)
	at org.jetbrains.kotlin.ir.declarations.IrClass.acceptChildren(IrClass.kt:76)
	at org.jetbrains.kotlin.ir.visitors.IrVisitorsKt.acceptChildrenVoid(IrVisitors.kt:23)
	at org.jetbrains.kotlinx.serialization.compiler.extensions.SerializationLoweringExtensionKt$runOnFileInOrder$1.visitClass(SerializationLoweringExtension.kt:53)
	at org.jetbrains.kotlin.ir.visitors.IrVisitorVoid.visitClass(IrVisitorVoid.kt:44)
	at org.jetbrains.kotlin.ir.visitors.IrVisitorVoid.visitClass(IrVisitorVoid.kt:18)
	at org.jetbrains.kotlin.ir.declarations.IrClass.accept(IrClass.kt:72)
	at org.jetbrains.kotlin.ir.declarations.IrPackageFragment.acceptChildren(IrPackageFragment.kt:27)
	at org.jetbrains.kotlin.ir.visitors.IrVisitorsKt.acceptChildrenVoid(IrVisitors.kt:23)
	at org.jetbrains.kotlinx.serialization.compiler.extensions.SerializationLoweringExtensionKt$runOnFileInOrder$1.visitElement(SerializationLoweringExtension.kt:48)
	at org.jetbrains.kotlin.ir.visitors.IrVisitorVoid.visitPackageFragment(IrVisitorVoid.kt:168)
	at org.jetbrains.kotlin.ir.visitors.IrVisitorVoid.visitFile(IrVisitorVoid.kt:184)
	at org.jetbrains.kotlin.ir.visitors.IrVisitorVoid.visitFile(IrVisitorVoid.kt:180)
	at org.jetbrains.kotlin.ir.visitors.IrVisitorVoid.visitFile(IrVisitorVoid.kt:18)
	at org.jetbrains.kotlin.ir.declarations.IrFile.accept(IrFile.kt:27)
	at org.jetbrains.kotlin.ir.visitors.IrVisitorsKt.acceptVoid(IrVisitors.kt:11)
	at org.jetbrains.kotlinx.serialization.compiler.extensions.SerializationLoweringExtensionKt.runOnFileInOrder(SerializationLoweringExtension.kt:46)
	at org.jetbrains.kotlinx.serialization.compiler.extensions.SerializationLoweringExtension.generate(SerializationLoweringExtension.kt:207)
	at org.jetbrains.kotlin.fir.pipeline.Fir2IrPipeline.applyIrGenerationExtensions(convertToIr.kt:578)
	... 43 more
Caused by: java.lang.IllegalStateException: Serializer for element of type dev.jason.app.compose.vaultchat.core.domain.Device has not been found
	at org.jetbrains.kotlinx.serialization.compiler.backend.ir.SerializerSearchUtilKt.findTypeSerializerOrContext(SerializerSearchUtil.kt:81)
	at org.jetbrains.kotlinx.serialization.compiler.backend.ir.Instantiator.regularArgs(Instantiator.kt:273)
	at org.jetbrains.kotlinx.serialization.compiler.backend.ir.Instantiator.serializerInstance(Instantiator.kt:95)
	at org.jetbrains.kotlinx.serialization.compiler.backend.ir.Instantiator.instantiate(Instantiator.kt:400)
	at org.jetbrains.kotlinx.serialization.compiler.backend.ir.Instantiator.argsForContextSerializer(Instantiator.kt:191)
	at org.jetbrains.kotlinx.serialization.compiler.backend.ir.Instantiator.serializerInstance(Instantiator.kt:76)
	at org.jetbrains.kotlinx.serialization.compiler.backend.ir.BaseIrGenerator.serializerInstance(BaseIrGenerator.kt:535)
	at org.jetbrains.kotlinx.serialization.compiler.backend.ir.BaseIrGenerator.formEncodeDecodePropertyCall(BaseIrGenerator.kt:263)
	at org.jetbrains.kotlinx.serialization.compiler.backend.ir.BaseIrGenerator.formEncodeDecodePropertyCall$default(BaseIrGenerator.kt:253)
	at org.jetbrains.kotlinx.serialization.compiler.backend.ir.BaseIrGenerator.serializeAllProperties(BaseIrGenerator.kt:201)
	at org.jetbrains.kotlinx.serialization.compiler.backend.ir.SerializableIrGenerator.generateWriteSelfMethod$lambda$0(SerializableIrGenerator.kt:356)
	at org.jetbrains.kotlinx.serialization.compiler.backend.ir.IrBuilderWithPluginContext.addFunctionBody(IrBuilderWithPluginContext.kt:50)
	at org.jetbrains.kotlinx.serialization.compiler.backend.ir.SerializableIrGenerator.generateWriteSelfMethod(SerializableIrGenerator.kt:296)
	at org.jetbrains.kotlinx.serialization.compiler.backend.ir.SerializableIrGenerator.generateSyntheticMethods(SerializableIrGenerator.kt:384)
	at org.jetbrains.kotlinx.serialization.compiler.backend.ir.SerializableIrGenerator.generate(SerializableIrGenerator.kt:368)
	at org.jetbrains.kotlinx.serialization.compiler.backend.ir.SerializableIrGenerator$Companion.generate(SerializableIrGenerator.kt:395)
	at org.jetbrains.kotlinx.serialization.compiler.extensions.SerializerClassLowering.lower(SerializationLoweringExtension.kt:159)
	... 65 more


error message: org.jetbrains.kotlin.fir.pipeline.IrGenerationExtensionException: Back-end: Please report this problem https://kotl.in/issue
C:/Users/mraja/IdeaProjects/VaultChat/messaging/src/main/java/dev/jason/app/compose/vaultchat/messaging/ui/nav/Route.kt:24:5
Problem with `@Serializable
@StabilityInferred(parameters = 0)
data class Messaging : Route {
  constructor(uid: String, displayName: String, profilePictureUrl: String, devices: List<Device>, status: Status) /* primary */ {
    super/*Any*/()
    /* <init>() */

  }

  val uid: String
    field = uid
    get

  val displayName: String
    field = displayName
    get

  val profilePictureUrl: String
    field = profilePictureUrl
    get

  @Contextual
  val devices: List<Device>
    field = devices
    get

  val status: Status
    field = status
    get

  companion object Companion {
    val $childSerializers: Array<Lazy<KSerializer<Any>>>
      field = arrayOf<Lazy<KSerializer<Any>>>(elements = [null, null, null, null, lazy<KSerializer<Status>>(mode = LazyThreadSafetyMode.PUBLICATION, initializer = local fun <anonymous>(): KSerializer<Status> {
        return createSimpleEnumSerializer<Status>(serialName = "dev.jason.app.compose.vaultchat.core.domain.User.Status", values = values())
      }
)])
      private get(): Array<Lazy<KSerializer<Any>>> {
        return <this>.#$childSerializers
      }

    private constructor() /* primary */ {
      super/*Any*/()
      /* <init>() */

    }

    fun serializer(): KSerializer<Messaging>

    /* fake */ override operator fun equals(other: Any?): Boolean

    /* fake */ override fun hashCode(): Int

    /* fake */ override fun toString(): String

  }

  @Deprecated(message = "This synthesized declaration should not be used directly", level = DeprecationLevel.HIDDEN)
  @StabilityInferred(parameters = 0)
  object $serializer : GeneratedSerializer<Messaging> {
    private constructor() /* primary */ {
      super/*Any*/()
      /* <init>() */

    }

    override fun serialize(encoder: Encoder, value: Messaging)

    override fun deserialize(decoder: Decoder): Messaging

    override val descriptor: SerialDescriptor
      override get

    override fun childSerializers(): Array<KSerializer<*>>

    /* fake */ override fun typeParametersSerializers(): Array<KSerializer<*>>

    /* fake */ override operator fun equals(other: Any?): Boolean

    /* fake */ override fun hashCode(): Int

    /* fake */ override fun toString(): String

    /* static final field */ val $stable: Int = 8
  }

  operator fun component1(): String {
    return <this>.#uid
  }

  operator fun component2(): String {
    return <this>.#displayName
  }

  operator fun component3(): String {
    return <this>.#profilePictureUrl
  }

  operator fun component4(): List<Device> {
    return <this>.#devices
  }

  operator fun component5(): Status {
    return <this>.#status
  }

  fun copy(uid: String = <this>.#uid, displayName: String = <this>.#displayName, profilePictureUrl: String = <this>.#profilePictureUrl, devices: List<Device> = <this>.#devices, status: Status = <this>.#status): Messaging {
    return Messaging(uid = uid, displayName = displayName, profilePictureUrl = profilePictureUrl, devices = devices, status = status)
  }

  override fun toString(): String {
    return "Messaging(" + "uid=" + <this>.#uid + ", " + "displayName=" + <this>.#displayName + ", " + "profilePictureUrl=" + <this>.#profilePictureUrl + ", " + "devices=" + <this>.#devices + ", " + "status=" + <this>.#status + ")"
  }

  override fun hashCode(): Int {
    var result: Int = <this>.#uid.hashCode()
    result = result.times(other = 31).plus(other = <this>.#displayName.hashCode())
    result = result.times(other = 31).plus(other = <this>.#profilePictureUrl.hashCode())
    result = result.times(other = 31).plus(other = <this>.#devices.hashCode())
    result = result.times(other = 31).plus(other = <this>.#status.hashCode())
    return result
  }

  override operator fun equals(other: Any?): Boolean {
    when {
      EQEQEQ(arg0 = <this>, arg1 = other) -> return true
    }
    when {
      other !is Messaging -> return false
    }
    val tmp0_other_with_cast: Messaging = other /*as Messaging */
    when {
      EQEQ(arg0 = <this>.#uid, arg1 = tmp0_other_with_cast.#uid).not() -> return false
    }
    when {
      EQEQ(arg0 = <this>.#displayName, arg1 = tmp0_other_with_cast.#displayName).not() -> return false
    }
    when {
      EQEQ(arg0 = <this>.#profilePictureUrl, arg1 = tmp0_other_with_cast.#profilePictureUrl).not() -> return false
    }
    when {
      EQEQ(arg0 = <this>.#devices, arg1 = tmp0_other_with_cast.#devices).not() -> return false
    }
    when {
      EQEQ(arg0 = <this>.#status, arg1 = tmp0_other_with_cast.#status).not() -> return false
    }
    return true
  }

  /* static final field */ val $stable: Int = 8
  @JvmStatic
  internal /* static */ fun write$Self(self: Messaging, output: CompositeEncoder, serialDesc: SerialDescriptor)

  internal constructor(seen0: Int, uid: String?, displayName: String?, profilePictureUrl: String?, devices: List<Device>?, status: Status?, serializationConstructorMarker: SerializationConstructorMarker?) {
    when {
      EQEQ(arg0 = 31, arg1 = 31.and(other = seen0)).not() -> throwMissingFieldException(seen = seen0, goldenMask = 31, descriptor = $serializer.<get-descriptor>())
    }
    super/*Any*/()
    <this>.#uid = uid
    <this>.#displayName = displayName
    <this>.#profilePictureUrl = profilePictureUrl
    <this>.#devices = devices
    <this>.#status = status
  }

}

`
Details: kotlinx.serialization compiler plugin internal error: unable to transform declaration, see cause
	at org.jetbrains.kotlin.fir.pipeline.Fir2IrPipeline.applyIrGenerationExtensions(convertToIr.kt:584)
	at org.jetbrains.kotlin.fir.pipeline.Fir2IrPipeline.runActualizationPipeline(convertToIr.kt:283)
	at org.jetbrains.kotlin.fir.pipeline.Fir2IrPipeline.convertToIrAndActualize(convertToIr.kt:154)
	at org.jetbrains.kotlin.fir.pipeline.ConvertToIrKt.convertToIrAndActualize-MT2kVtw(convertToIr.kt:119)
	at org.jetbrains.kotlin.fir.pipeline.ConvertToIrKt.convertToIrAndActualize-MT2kVtw$default(convertToIr.kt:92)
	at org.jetbrains.kotlin.cli.jvm.compiler.legacy.pipeline.JvmCompilerPipelineKt.convertToIrAndActualizeForJvm-_I1IR-w(jvmCompilerPipeline.kt:98)
	at org.jetbrains.kotlin.cli.pipeline.jvm.JvmFir2IrPipelinePhase.executePhase(JvmFir2IrPipelinePhase.kt:30)
	at org.jetbrains.kotlin.cli.pipeline.jvm.JvmFir2IrPipelinePhase.executePhase(JvmFir2IrPipelinePhase.kt:25)
	at org.jetbrains.kotlin.cli.pipeline.jvm.JvmFir2IrPipelinePhase.executePhase(JvmFir2IrPipelinePhase.kt:19)
	at org.jetbrains.kotlin.cli.pipeline.PipelinePhase.phaseBody(PipelinePhase.kt:68)
	at org.jetbrains.kotlin.cli.pipeline.PipelinePhase.phaseBody(PipelinePhase.kt:58)
	at org.jetbrains.kotlin.config.phaser.NamedCompilerPhase.invoke(CompilerPhase.kt:102)
	at org.jetbrains.kotlin.backend.common.phaser.CompositePhase.invoke(PhaseBuilders.kt:22)
	at org.jetbrains.kotlin.config.phaser.CompilerPhaseKt.invokeToplevel(CompilerPhase.kt:53)
	at org.jetbrains.kotlin.cli.pipeline.AbstractCliPipeline.runPhasedPipeline(AbstractCliPipeline.kt:109)
	at org.jetbrains.kotlin.cli.pipeline.AbstractCliPipeline.execute(AbstractCliPipeline.kt:68)
	at org.jetbrains.kotlin.cli.jvm.K2JVMCompiler.doExecutePhased(K2JVMCompiler.kt:51)
	at org.jetbrains.kotlin.cli.jvm.K2JVMCompiler.doExecutePhased(K2JVMCompiler.kt:42)
	at org.jetbrains.kotlin.cli.common.CLICompiler.execImpl(CLICompiler.kt:91)
	at org.jetbrains.kotlin.cli.common.CLICompiler.exec(CLICompiler.kt:363)
	at org.jetbrains.kotlin.incremental.IncrementalJvmCompilerRunnerBase.runCompiler(IncrementalJvmCompilerRunnerBase.kt:210)
	at org.jetbrains.kotlin.incremental.IncrementalJvmCompilerRunnerBase.runCompiler(IncrementalJvmCompilerRunnerBase.kt:52)
	at org.jetbrains.kotlin.incremental.IncrementalCompilerRunner.doCompile(IncrementalCompilerRunner.kt:510)
	at org.jetbrains.kotlin.incremental.IncrementalCompilerRunner.compileImpl(IncrementalCompilerRunner.kt:422)
	at org.jetbrains.kotlin.incremental.IncrementalCompilerRunner.compileNonIncrementally(IncrementalCompilerRunner.kt:304)
	at org.jetbrains.kotlin.incremental.IncrementalCompilerRunner.compile(IncrementalCompilerRunner.kt:131)
	at org.jetbrains.kotlin.buildtools.internal.jvm.operations.JvmCompilationOperationImpl.compileInProcess(JvmCompilationOperationImpl.kt:423)
	at org.jetbrains.kotlin.buildtools.internal.jvm.operations.JvmCompilationOperationImpl.compileInProcess(JvmCompilationOperationImpl.kt:337)
	at org.jetbrains.kotlin.buildtools.internal.jvm.operations.JvmCompilationOperationImpl.executeCancellableImpl(JvmCompilationOperationImpl.kt:149)
	at org.jetbrains.kotlin.buildtools.internal.jvm.operations.JvmCompilationOperationImpl.executeCancellableImpl(JvmCompilationOperationImpl.kt:69)
	at org.jetbrains.kotlin.buildtools.internal.CancellableBuildOperationImpl.executeImpl(CancellableBuildOperationImpl.kt:58)
	at org.jetbrains.kotlin.buildtools.internal.BuildOperationImpl.execute(BuildOperationImpl.kt:34)
	at org.jetbrains.kotlin.buildtools.internal.KotlinToolchainsImpl$BuildSessionImpl.executeOperation$lambda$1(KotlinToolchainsImpl.kt:70)
	at java.base/java.util.concurrent.FutureTask.run(Unknown Source)
	at java.base/java.util.concurrent.ThreadPoolExecutor.runWorker(Unknown Source)
	at java.base/java.util.concurrent.ThreadPoolExecutor$Worker.run(Unknown Source)
	at java.base/java.lang.Thread.run(Unknown Source)
Caused by: org.jetbrains.kotlin.backend.common.CompilationException: Back-end: Please report this problem https://kotl.in/issue
C:/Users/mraja/IdeaProjects/VaultChat/messaging/src/main/java/dev/jason/app/compose/vaultchat/messaging/ui/nav/Route.kt:24:5
Problem with `@Serializable
@StabilityInferred(parameters = 0)
data class Messaging : Route {
  constructor(uid: String, displayName: String, profilePictureUrl: String, devices: List<Device>, status: Status) /* primary */ {
    super/*Any*/()
    /* <init>() */

  }

  val uid: String
    field = uid
    get

  val displayName: String
    field = displayName
    get

  val profilePictureUrl: String
    field = profilePictureUrl
    get

  @Contextual
  val devices: List<Device>
    field = devices
    get

  val status: Status
    field = status
    get

  companion object Companion {
    val $childSerializers: Array<Lazy<KSerializer<Any>>>
      field = arrayOf<Lazy<KSerializer<Any>>>(elements = [null, null, null, null, lazy<KSerializer<Status>>(mode = LazyThreadSafetyMode.PUBLICATION, initializer = local fun <anonymous>(): KSerializer<Status> {
        return createSimpleEnumSerializer<Status>(serialName = "dev.jason.app.compose.vaultchat.core.domain.User.Status", values = values())
      }
)])
      private get(): Array<Lazy<KSerializer<Any>>> {
        return <this>.#$childSerializers
      }

    private constructor() /* primary */ {
      super/*Any*/()
      /* <init>() */

    }

    fun serializer(): KSerializer<Messaging>

    /* fake */ override operator fun equals(other: Any?): Boolean

    /* fake */ override fun hashCode(): Int

    /* fake */ override fun toString(): String

  }

  @Deprecated(message = "This synthesized declaration should not be used directly", level = DeprecationLevel.HIDDEN)
  @StabilityInferred(parameters = 0)
  object $serializer : GeneratedSerializer<Messaging> {
    private constructor() /* primary */ {
      super/*Any*/()
      /* <init>() */

    }

    override fun serialize(encoder: Encoder, value: Messaging)

    override fun deserialize(decoder: Decoder): Messaging

    override val descriptor: SerialDescriptor
      override get

    override fun childSerializers(): Array<KSerializer<*>>

    /* fake */ override fun typeParametersSerializers(): Array<KSerializer<*>>

    /* fake */ override operator fun equals(other: Any?): Boolean

    /* fake */ override fun hashCode(): Int

    /* fake */ override fun toString(): String

    /* static final field */ val $stable: Int = 8
  }

  operator fun component1(): String {
    return <this>.#uid
  }

  operator fun component2(): String {
    return <this>.#displayName
  }

  operator fun component3(): String {
    return <this>.#profilePictureUrl
  }

  operator fun component4(): List<Device> {
    return <this>.#devices
  }

  operator fun component5(): Status {
    return <this>.#status
  }

  fun copy(uid: String = <this>.#uid, displayName: String = <this>.#displayName, profilePictureUrl: String = <this>.#profilePictureUrl, devices: List<Device> = <this>.#devices, status: Status = <this>.#status): Messaging {
    return Messaging(uid = uid, displayName = displayName, profilePictureUrl = profilePictureUrl, devices = devices, status = status)
  }

  override fun toString(): String {
    return "Messaging(" + "uid=" + <this>.#uid + ", " + "displayName=" + <this>.#displayName + ", " + "profilePictureUrl=" + <this>.#profilePictureUrl + ", " + "devices=" + <this>.#devices + ", " + "status=" + <this>.#status + ")"
  }

  override fun hashCode(): Int {
    var result: Int = <this>.#uid.hashCode()
    result = result.times(other = 31).plus(other = <this>.#displayName.hashCode())
    result = result.times(other = 31).plus(other = <this>.#profilePictureUrl.hashCode())
    result = result.times(other = 31).plus(other = <this>.#devices.hashCode())
    result = result.times(other = 31).plus(other = <this>.#status.hashCode())
    return result
  }

  override operator fun equals(other: Any?): Boolean {
    when {
      EQEQEQ(arg0 = <this>, arg1 = other) -> return true
    }
    when {
      other !is Messaging -> return false
    }
    val tmp0_other_with_cast: Messaging = other /*as Messaging */
    when {
      EQEQ(arg0 = <this>.#uid, arg1 = tmp0_other_with_cast.#uid).not() -> return false
    }
    when {
      EQEQ(arg0 = <this>.#displayName, arg1 = tmp0_other_with_cast.#displayName).not() -> return false
    }
    when {
      EQEQ(arg0 = <this>.#profilePictureUrl, arg1 = tmp0_other_with_cast.#profilePictureUrl).not() -> return false
    }
    when {
      EQEQ(arg0 = <this>.#devices, arg1 = tmp0_other_with_cast.#devices).not() -> return false
    }
    when {
      EQEQ(arg0 = <this>.#status, arg1 = tmp0_other_with_cast.#status).not() -> return false
    }
    return true
  }

  /* static final field */ val $stable: Int = 8
  @JvmStatic
  internal /* static */ fun write$Self(self: Messaging, output: CompositeEncoder, serialDesc: SerialDescriptor)

  internal constructor(seen0: Int, uid: String?, displayName: String?, profilePictureUrl: String?, devices: List<Device>?, status: Status?, serializationConstructorMarker: SerializationConstructorMarker?) {
    when {
      EQEQ(arg0 = 31, arg1 = 31.and(other = seen0)).not() -> throwMissingFieldException(seen = seen0, goldenMask = 31, descriptor = $serializer.<get-descriptor>())
    }
    super/*Any*/()
    <this>.#uid = uid
    <this>.#displayName = displayName
    <this>.#profilePictureUrl = profilePictureUrl
    <this>.#devices = devices
    <this>.#status = status
  }

}

`
Details: kotlinx.serialization compiler plugin internal error: unable to transform declaration, see cause
	at org.jetbrains.kotlinx.serialization.compiler.extensions.SerializerClassLowering.lower(SerializationLoweringExtension.kt:243)
	at org.jetbrains.kotlinx.serialization.compiler.extensions.SerializationLoweringExtensionKt$runOnFileInOrder$1.visitClass(SerializationLoweringExtension.kt:52)
	at org.jetbrains.kotlin.ir.visitors.IrVisitorVoid.visitClass(IrVisitorVoid.kt:44)
	at org.jetbrains.kotlin.ir.visitors.IrVisitorVoid.visitClass(IrVisitorVoid.kt:18)
	at org.jetbrains.kotlin.ir.declarations.IrClass.accept(IrClass.kt:72)
	at org.jetbrains.kotlin.ir.declarations.IrClass.acceptChildren(IrClass.kt:76)
	at org.jetbrains.kotlin.ir.visitors.IrVisitorsKt.acceptChildrenVoid(IrVisitors.kt:23)
	at org.jetbrains.kotlinx.serialization.compiler.extensions.SerializationLoweringExtensionKt$runOnFileInOrder$1.visitClass(SerializationLoweringExtension.kt:53)
	at org.jetbrains.kotlin.ir.visitors.IrVisitorVoid.visitClass(IrVisitorVoid.kt:44)
	at org.jetbrains.kotlin.ir.visitors.IrVisitorVoid.visitClass(IrVisitorVoid.kt:18)
	at org.jetbrains.kotlin.ir.declarations.IrClass.accept(IrClass.kt:72)
	at org.jetbrains.kotlin.ir.declarations.IrPackageFragment.acceptChildren(IrPackageFragment.kt:27)
	at org.jetbrains.kotlin.ir.visitors.IrVisitorsKt.acceptChildrenVoid(IrVisitors.kt:23)
	at org.jetbrains.kotlinx.serialization.compiler.extensions.SerializationLoweringExtensionKt$runOnFileInOrder$1.visitElement(SerializationLoweringExtension.kt:48)
	at org.jetbrains.kotlin.ir.visitors.IrVisitorVoid.visitPackageFragment(IrVisitorVoid.kt:168)
	at org.jetbrains.kotlin.ir.visitors.IrVisitorVoid.visitFile(IrVisitorVoid.kt:184)
	at org.jetbrains.kotlin.ir.visitors.IrVisitorVoid.visitFile(IrVisitorVoid.kt:180)
	at org.jetbrains.kotlin.ir.visitors.IrVisitorVoid.visitFile(IrVisitorVoid.kt:18)
	at org.jetbrains.kotlin.ir.declarations.IrFile.accept(IrFile.kt:27)
	at org.jetbrains.kotlin.ir.visitors.IrVisitorsKt.acceptVoid(IrVisitors.kt:11)
	at org.jetbrains.kotlinx.serialization.compiler.extensions.SerializationLoweringExtensionKt.runOnFileInOrder(SerializationLoweringExtension.kt:46)
	at org.jetbrains.kotlinx.serialization.compiler.extensions.SerializationLoweringExtension.generate(SerializationLoweringExtension.kt:207)
	at org.jetbrains.kotlin.fir.pipeline.Fir2IrPipeline.applyIrGenerationExtensions(convertToIr.kt:578)
	... 36 more
Caused by: java.lang.IllegalStateException: Serializer for element of type dev.jason.app.compose.vaultchat.core.domain.Device has not been found
	at org.jetbrains.kotlinx.serialization.compiler.backend.ir.SerializerSearchUtilKt.findTypeSerializerOrContext(SerializerSearchUtil.kt:81)
	at org.jetbrains.kotlinx.serialization.compiler.backend.ir.Instantiator.regularArgs(Instantiator.kt:273)
	at org.jetbrains.kotlinx.serialization.compiler.backend.ir.Instantiator.serializerInstance(Instantiator.kt:95)
	at org.jetbrains.kotlinx.serialization.compiler.backend.ir.Instantiator.instantiate(Instantiator.kt:400)
	at org.jetbrains.kotlinx.serialization.compiler.backend.ir.Instantiator.argsForContextSerializer(Instantiator.kt:191)
	at org.jetbrains.kotlinx.serialization.compiler.backend.ir.Instantiator.serializerInstance(Instantiator.kt:76)
	at org.jetbrains.kotlinx.serialization.compiler.backend.ir.BaseIrGenerator.serializerInstance(BaseIrGenerator.kt:535)
	at org.jetbrains.kotlinx.serialization.compiler.backend.ir.BaseIrGenerator.formEncodeDecodePropertyCall(BaseIrGenerator.kt:263)
	at org.jetbrains.kotlinx.serialization.compiler.backend.ir.BaseIrGenerator.formEncodeDecodePropertyCall$default(BaseIrGenerator.kt:253)
	at org.jetbrains.kotlinx.serialization.compiler.backend.ir.BaseIrGenerator.serializeAllProperties(BaseIrGenerator.kt:201)
	at org.jetbrains.kotlinx.serialization.compiler.backend.ir.SerializableIrGenerator.generateWriteSelfMethod$lambda$0(SerializableIrGenerator.kt:356)
	at org.jetbrains.kotlinx.serialization.compiler.backend.ir.IrBuilderWithPluginContext.addFunctionBody(IrBuilderWithPluginContext.kt:50)
	at org.jetbrains.kotlinx.serialization.compiler.backend.ir.SerializableIrGenerator.generateWriteSelfMethod(SerializableIrGenerator.kt:296)
	at org.jetbrains.kotlinx.serialization.compiler.backend.ir.SerializableIrGenerator.generateSyntheticMethods(SerializableIrGenerator.kt:384)
	at org.jetbrains.kotlinx.serialization.compiler.backend.ir.SerializableIrGenerator.generate(SerializableIrGenerator.kt:368)
	at org.jetbrains.kotlinx.serialization.compiler.backend.ir.SerializableIrGenerator$Companion.generate(SerializableIrGenerator.kt:395)
	at org.jetbrains.kotlinx.serialization.compiler.extensions.SerializerClassLowering.lower(SerializationLoweringExtension.kt:159)
	... 58 more


